<?xml version="1.0" encoding="UTF-8"?>
<!-- Generated by org.testng.reporters.JUnitReportReporter -->
<testsuite skipped="0" hostname="Smart-PC" name="Run.Demo1" tests="1" failures="0" timestamp="14 Nov 2017 02:31:10 GMT" time="0.015" errors="0">
  <testcase name="Test123" time="0.015" classname="Run.Demo1"/>
</testsuite> <!-- Run.Demo1 -->
