<?xml version="1.0" encoding="UTF-8"?>
<!-- Generated by org.testng.reporters.JUnitReportReporter -->
<testsuite skipped="0" hostname="Smart-PC" name="Run.Demo2" tests="2" failures="0" timestamp="14 Nov 2017 02:39:34 GMT" time="0.032" errors="0">
  <testcase name="Rahul" time="0.032" classname="Run.Demo2"/>
  <testcase name="Vishal" time="0.000" classname="Run.Demo2"/>
</testsuite> <!-- Run.Demo2 -->
