<?xml version="1.0" encoding="UTF-8"?>
<!-- Generated by org.testng.reporters.JUnitReportReporter -->
<testsuite skipped="0" hostname="Smart-PC" name="Run.Demo3" tests="1" failures="0" timestamp="14 Nov 2017 03:27:43 GMT" time="16.347" errors="0">
  <testcase name="test" time="16.347" classname="Run.Demo3"/>
</testsuite> <!-- Run.Demo3 -->
